[13:03:19] [ServerMain/INFO]: Building unoptimized datafixer
[13:03:21] [ServerMain/INFO]: Environment: authHost='https://authserver.mojang.com', accountsHost='https://api.mojang.com', sessionHost='https://sessionserver.mojang.com', servicesHost='https://api.minecraftservices.com', name='PROD'
[13:03:24] [ServerMain/INFO]: Loaded 7 recipes
[13:03:25] [Server thread/INFO]: Starting minecraft server version 1.19.3
[13:03:25] [Server thread/INFO]: Loading properties
[13:03:25] [Server thread/INFO]: This server is running CraftBukkit version 3657-Spigot-19641c7-4a929b5 (MC: 1.19.3) (Implementing API version 1.19.3-R0.1-SNAPSHOT)
[13:03:25] [Server thread/INFO]: Debug logging is disabled
[13:03:25] [Server thread/INFO]: Server Ping Player Sample Count: 12
[13:03:25] [Server thread/INFO]: Using 4 threads for Netty based IO
[13:03:25] [Server thread/INFO]: Default game type: SURVIVAL
[13:03:25] [Server thread/INFO]: Generating keypair
[13:03:26] [Server thread/INFO]: Starting Minecraft server on *:25565
[13:03:26] [Server thread/INFO]: Using epoll channel type
[13:03:26] [Server thread/WARN]: Initializing Legacy Material Support. Unless you have legacy plugins and/or data this is a bug!
[13:03:33] [Server thread/WARN]: Legacy plugin AuthMe v5.4.0-b1877 does not specify an api-version.
[13:03:34] [Server thread/INFO]: [AuthMe] Loading AuthMe v5.4.0-b1877
[13:03:34] [Server thread/WARN]: **** SERVER IS RUNNING IN OFFLINE/INSECURE MODE!
[13:03:34] [Server thread/WARN]: The server will make no attempt to authenticate usernames. Beware.
[13:03:34] [Server thread/WARN]: While this makes the game possible to play without internet access, it also opens up the ability for hackers to connect with any username they choose.
[13:03:34] [Server thread/WARN]: To change this, set "online-mode" to "true" in the server.properties file.
[13:03:34] [Server thread/INFO]: Preparing level "world"
[13:03:34] [Server thread/INFO]: -------- World Settings For [world] --------
[13:03:34] [Server thread/INFO]: Experience Merge Radius: 3.0
[13:03:34] [Server thread/INFO]: Mob Spawn Range: 6
[13:03:34] [Server thread/INFO]: Cactus Growth Modifier: 100%
[13:03:34] [Server thread/INFO]: Cane Growth Modifier: 100%
[13:03:34] [Server thread/INFO]: Melon Growth Modifier: 100%
[13:03:34] [Server thread/INFO]: Mushroom Growth Modifier: 100%
[13:03:34] [Server thread/INFO]: Pumpkin Growth Modifier: 100%
[13:03:34] [Server thread/INFO]: Sapling Growth Modifier: 100%
[13:03:34] [Server thread/INFO]: Beetroot Growth Modifier: 100%
[13:03:34] [Server thread/INFO]: Carrot Growth Modifier: 100%
[13:03:34] [Server thread/INFO]: Potato Growth Modifier: 100%
[13:03:34] [Server thread/INFO]: Wheat Growth Modifier: 100%
[13:03:34] [Server thread/INFO]: NetherWart Growth Modifier: 100%
[13:03:34] [Server thread/INFO]: Vine Growth Modifier: 100%
[13:03:34] [Server thread/INFO]: Cocoa Growth Modifier: 100%
[13:03:34] [Server thread/INFO]: Bamboo Growth Modifier: 100%
[13:03:34] [Server thread/INFO]: SweetBerry Growth Modifier: 100%
[13:03:34] [Server thread/INFO]: Kelp Growth Modifier: 100%
[13:03:34] [Server thread/INFO]: TwistingVines Growth Modifier: 100%
[13:03:34] [Server thread/INFO]: WeepingVines Growth Modifier: 100%
[13:03:34] [Server thread/INFO]: CaveVines Growth Modifier: 100%
[13:03:34] [Server thread/INFO]: Custom Map Seeds:  Village: 10387312 Desert: 14357617 Igloo: 14357618 Jungle: 14357619 Swamp: 14357620 Monument: 10387313 Ocean: 14357621 Shipwreck: 165745295 End City: 10387313 Slime: 987234911 Nether: 30084232 Mansion: 10387319 Fossil: 14357921 Portal: 34222645
[13:03:34] [Server thread/INFO]: Max TNT Explosions: 100
[13:03:34] [Server thread/INFO]: Tile Max Tick Time: 50ms Entity max Tick Time: 50ms
[13:03:34] [Server thread/INFO]: Entity Activation Range: An 32 / Mo 32 / Ra 48 / Mi 16 / Tiv true / Isa false
[13:03:34] [Server thread/INFO]: Entity Tracking Range: Pl 48 / An 48 / Mo 48 / Mi 32 / Other 64
[13:03:34] [Server thread/INFO]: Hopper Transfer: 8 Hopper Check: 1 Hopper Amount: 1 Hopper Can Load Chunks: false
[13:03:34] [Server thread/INFO]: Arrow Despawn Rate: 1200 Trident Respawn Rate:1200
[13:03:34] [Server thread/INFO]: Item Merge Radius: 2.5
[13:03:34] [Server thread/INFO]: Item Despawn Rate: 6000
[13:03:34] [Server thread/INFO]: View Distance: 10
[13:03:34] [Server thread/INFO]: Simulation Distance: 10
[13:03:34] [Server thread/INFO]: Allow Zombie Pigmen to spawn from portal blocks: true
[13:03:34] [Server thread/INFO]: Zombie Aggressive Towards Villager: true
[13:03:34] [Server thread/INFO]: Nerfing mobs spawned from spawners: false
[13:03:34] [Server thread/INFO]: -------- World Settings For [world_nether] --------
[13:03:34] [Server thread/INFO]: Experience Merge Radius: 3.0
[13:03:34] [Server thread/INFO]: Mob Spawn Range: 6
[13:03:34] [Server thread/INFO]: Cactus Growth Modifier: 100%
[13:03:34] [Server thread/INFO]: Cane Growth Modifier: 100%
[13:03:34] [Server thread/INFO]: Melon Growth Modifier: 100%
[13:03:34] [Server thread/INFO]: Mushroom Growth Modifier: 100%
[13:03:34] [Server thread/INFO]: Pumpkin Growth Modifier: 100%
[13:03:34] [Server thread/INFO]: Sapling Growth Modifier: 100%
[13:03:34] [Server thread/INFO]: Beetroot Growth Modifier: 100%
[13:03:34] [Server thread/INFO]: Carrot Growth Modifier: 100%
[13:03:34] [Server thread/INFO]: Potato Growth Modifier: 100%
[13:03:34] [Server thread/INFO]: Wheat Growth Modifier: 100%
[13:03:34] [Server thread/INFO]: NetherWart Growth Modifier: 100%
[13:03:34] [Server thread/INFO]: Vine Growth Modifier: 100%
[13:03:34] [Server thread/INFO]: Cocoa Growth Modifier: 100%
[13:03:34] [Server thread/INFO]: Bamboo Growth Modifier: 100%
[13:03:34] [Server thread/INFO]: SweetBerry Growth Modifier: 100%
[13:03:34] [Server thread/INFO]: Kelp Growth Modifier: 100%
[13:03:34] [Server thread/INFO]: TwistingVines Growth Modifier: 100%
[13:03:34] [Server thread/INFO]: WeepingVines Growth Modifier: 100%
[13:03:34] [Server thread/INFO]: CaveVines Growth Modifier: 100%
[13:03:34] [Server thread/INFO]: Custom Map Seeds:  Village: 10387312 Desert: 14357617 Igloo: 14357618 Jungle: 14357619 Swamp: 14357620 Monument: 10387313 Ocean: 14357621 Shipwreck: 165745295 End City: 10387313 Slime: 987234911 Nether: 30084232 Mansion: 10387319 Fossil: 14357921 Portal: 34222645
[13:03:34] [Server thread/INFO]: Max TNT Explosions: 100
[13:03:34] [Server thread/INFO]: Tile Max Tick Time: 50ms Entity max Tick Time: 50ms
[13:03:34] [Server thread/INFO]: Entity Activation Range: An 32 / Mo 32 / Ra 48 / Mi 16 / Tiv true / Isa false
[13:03:34] [Server thread/INFO]: Entity Tracking Range: Pl 48 / An 48 / Mo 48 / Mi 32 / Other 64
[13:03:34] [Server thread/INFO]: Hopper Transfer: 8 Hopper Check: 1 Hopper Amount: 1 Hopper Can Load Chunks: false
[13:03:34] [Server thread/INFO]: Arrow Despawn Rate: 1200 Trident Respawn Rate:1200
[13:03:34] [Server thread/INFO]: Item Merge Radius: 2.5
[13:03:34] [Server thread/INFO]: Item Despawn Rate: 6000
[13:03:34] [Server thread/INFO]: View Distance: 10
[13:03:34] [Server thread/INFO]: Simulation Distance: 10
[13:03:34] [Server thread/INFO]: Allow Zombie Pigmen to spawn from portal blocks: true
[13:03:34] [Server thread/INFO]: Zombie Aggressive Towards Villager: true
[13:03:34] [Server thread/INFO]: Nerfing mobs spawned from spawners: false
[13:03:36] [Server thread/INFO]: -------- World Settings For [world_the_end] --------
[13:03:36] [Server thread/INFO]: Experience Merge Radius: 3.0
[13:03:36] [Server thread/INFO]: Mob Spawn Range: 6
[13:03:36] [Server thread/INFO]: Cactus Growth Modifier: 100%
[13:03:36] [Server thread/INFO]: Cane Growth Modifier: 100%
[13:03:36] [Server thread/INFO]: Melon Growth Modifier: 100%
[13:03:36] [Server thread/INFO]: Mushroom Growth Modifier: 100%
[13:03:36] [Server thread/INFO]: Pumpkin Growth Modifier: 100%
[13:03:36] [Server thread/INFO]: Sapling Growth Modifier: 100%
[13:03:36] [Server thread/INFO]: Beetroot Growth Modifier: 100%
[13:03:36] [Server thread/INFO]: Carrot Growth Modifier: 100%
[13:03:36] [Server thread/INFO]: Potato Growth Modifier: 100%
[13:03:36] [Server thread/INFO]: Wheat Growth Modifier: 100%
[13:03:36] [Server thread/INFO]: NetherWart Growth Modifier: 100%
[13:03:36] [Server thread/INFO]: Vine Growth Modifier: 100%
[13:03:36] [Server thread/INFO]: Cocoa Growth Modifier: 100%
[13:03:36] [Server thread/INFO]: Bamboo Growth Modifier: 100%
[13:03:36] [Server thread/INFO]: SweetBerry Growth Modifier: 100%
[13:03:36] [Server thread/INFO]: Kelp Growth Modifier: 100%
[13:03:36] [Server thread/INFO]: TwistingVines Growth Modifier: 100%
[13:03:36] [Server thread/INFO]: WeepingVines Growth Modifier: 100%
[13:03:36] [Server thread/INFO]: CaveVines Growth Modifier: 100%
[13:03:36] [Server thread/INFO]: Custom Map Seeds:  Village: 10387312 Desert: 14357617 Igloo: 14357618 Jungle: 14357619 Swamp: 14357620 Monument: 10387313 Ocean: 14357621 Shipwreck: 165745295 End City: 10387313 Slime: 987234911 Nether: 30084232 Mansion: 10387319 Fossil: 14357921 Portal: 34222645
[13:03:36] [Server thread/INFO]: Max TNT Explosions: 100
[13:03:36] [Server thread/INFO]: Tile Max Tick Time: 50ms Entity max Tick Time: 50ms
[13:03:36] [Server thread/INFO]: Entity Activation Range: An 32 / Mo 32 / Ra 48 / Mi 16 / Tiv true / Isa false
[13:03:36] [Server thread/INFO]: Entity Tracking Range: Pl 48 / An 48 / Mo 48 / Mi 32 / Other 64
[13:03:36] [Server thread/INFO]: Hopper Transfer: 8 Hopper Check: 1 Hopper Amount: 1 Hopper Can Load Chunks: false
[13:03:36] [Server thread/INFO]: Arrow Despawn Rate: 1200 Trident Respawn Rate:1200
[13:03:36] [Server thread/INFO]: Item Merge Radius: 2.5
[13:03:36] [Server thread/INFO]: Item Despawn Rate: 6000
[13:03:36] [Server thread/INFO]: View Distance: 10
[13:03:36] [Server thread/INFO]: Simulation Distance: 10
[13:03:36] [Server thread/INFO]: Allow Zombie Pigmen to spawn from portal blocks: true
[13:03:36] [Server thread/INFO]: Zombie Aggressive Towards Villager: true
[13:03:36] [Server thread/INFO]: Nerfing mobs spawned from spawners: false
[13:03:36] [Server thread/INFO]: Preparing start region for dimension minecraft:overworld
[13:03:42] [Worker-Main-1/INFO]: Preparing spawn area: 0%
[13:03:42] [Worker-Main-5/INFO]: Preparing spawn area: 0%
[13:03:42] [Worker-Main-3/INFO]: Preparing spawn area: 0%
[13:03:42] [Worker-Main-5/INFO]: Preparing spawn area: 0%
[13:03:42] [Worker-Main-5/INFO]: Preparing spawn area: 0%
[13:03:42] [Worker-Main-5/INFO]: Preparing spawn area: 0%
[13:03:42] [Worker-Main-2/INFO]: Preparing spawn area: 0%
[13:03:42] [Worker-Main-5/INFO]: Preparing spawn area: 0%
[13:03:42] [Worker-Main-6/INFO]: Preparing spawn area: 0%
[13:03:42] [Worker-Main-6/INFO]: Preparing spawn area: 0%
[13:03:42] [Worker-Main-7/INFO]: Preparing spawn area: 0%
[13:03:42] [Worker-Main-7/INFO]: Preparing spawn area: 0%
[13:03:42] [Worker-Main-1/INFO]: Preparing spawn area: 0%
[13:03:43] [Worker-Main-1/INFO]: Preparing spawn area: 9%
[13:03:43] [Worker-Main-6/INFO]: Preparing spawn area: 33%
[13:03:44] [Server thread/INFO]: Time elapsed: 7497 ms
[13:03:44] [Server thread/INFO]: Preparing start region for dimension minecraft:the_nether
[13:03:48] [Worker-Main-7/INFO]: Preparing spawn area: 0%
[13:03:48] [Worker-Main-7/INFO]: Preparing spawn area: 0%
[13:03:48] [Worker-Main-2/INFO]: Preparing spawn area: 0%
[13:03:48] [Worker-Main-3/INFO]: Preparing spawn area: 0%
[13:03:48] [Worker-Main-3/INFO]: Preparing spawn area: 0%
[13:03:48] [Worker-Main-2/INFO]: Preparing spawn area: 0%
[13:03:48] [Worker-Main-1/INFO]: Preparing spawn area: 0%
[13:03:48] [Worker-Main-1/INFO]: Preparing spawn area: 0%
[13:03:48] [Worker-Main-2/INFO]: Preparing spawn area: 2%
[13:03:49] [Worker-Main-6/INFO]: Preparing spawn area: 31%
[13:03:49] [Worker-Main-2/INFO]: Preparing spawn area: 72%
[13:03:49] [Server thread/INFO]: Time elapsed: 5340 ms
[13:03:49] [Server thread/INFO]: Preparing start region for dimension minecraft:the_end
[13:03:52] [Worker-Main-5/INFO]: Preparing spawn area: 0%
[13:03:52] [Worker-Main-2/INFO]: Preparing spawn area: 0%
[13:03:52] [Worker-Main-2/INFO]: Preparing spawn area: 0%
[13:03:52] [Worker-Main-4/INFO]: Preparing spawn area: 0%
[13:03:52] [Worker-Main-7/INFO]: Preparing spawn area: 0%
[13:03:52] [Worker-Main-6/INFO]: Preparing spawn area: 0%
[13:03:52] [Worker-Main-5/INFO]: Preparing spawn area: 15%
[13:03:53] [Worker-Main-7/INFO]: Preparing spawn area: 69%
[13:03:53] [Server thread/INFO]: Time elapsed: 3829 ms
[13:03:53] [Server thread/INFO]: [AuthMe] Enabling AuthMe v5.4.0-b1877
[13:03:54] [Server thread/INFO]: [AuthMe] Created column 'regdate' and set the current timestamp, 1677485034184, to all 0 rows
[13:03:54] [Server thread/INFO]: [AuthMe] SQLite Setup finished
[13:03:54] [Server thread/INFO]: [AuthMe] No supported permissions system found! Permissions are disabled!
[13:03:54] [Server thread/WARN]: [AuthMe] Aborting initialization of AuthMe: [InjectorReflectionException]: Could not invoke constructor of class 'class fr.xephi.authme.command.CommandHandler'
[13:03:54] [Server thread/WARN]: [AuthMe] THE SERVER IS GOING TO SHUT DOWN AS DEFINED IN THE CONFIGURATION!
[13:03:54] [Server thread/INFO]: [AuthMe] Waiting for 0 tasks to finish
[13:03:54] [Server thread/INFO]: [AuthMe] AuthMe 5.4.0-b1877 disabled!
[13:03:54] [Thread-10/WARN]: [AuthMe] Could not download GeoLiteAPI database [UnknownHostException]: geolite.maxmind.com
[13:03:54] [Thread-10/WARN]: Exception in thread "Thread-10" java.lang.NullPointerException: Cannot invoke "java.io.FileWriter.write(String)" because "fr.xephi.authme.ConsoleLogger.fileWriter" is null
[13:03:54] [Thread-10/WARN]: 	at fr.xephi.authme.ConsoleLogger.writeLog(ConsoleLogger.java:240)
[13:03:54] [Thread-10/WARN]: 	at fr.xephi.authme.ConsoleLogger.warning(ConsoleLogger.java:93)
[13:03:54] [Thread-10/WARN]: 	at fr.xephi.authme.ConsoleLogger.logException(ConsoleLogger.java:104)
[13:03:54] [Thread-10/WARN]: 	at fr.xephi.authme.service.GeoIpService$1.run(GeoIpService.java:108)
[13:03:54] [Thread-10/WARN]: 	at java.base/java.lang.Thread.run(Thread.java:1589)
[13:03:54] [Server thread/INFO]: Server permissions file permissions.yml is empty, ignoring it
[13:03:54] [Server thread/INFO]: Done (20.368s)! For help, type "help"
[13:03:54] [Server thread/INFO]: Stopping server
[13:03:54] [Server thread/INFO]: Saving players
[13:03:54] [Server thread/INFO]: Saving worlds
[13:03:57] [Server thread/INFO]: Saving chunks for level 'ServerLevel[world]'/minecraft:overworld
[13:03:58] [Server thread/INFO]: Saving chunks for level 'ServerLevel[world_nether]'/minecraft:the_nether
[13:03:58] [Server thread/INFO]: Saving chunks for level 'ServerLevel[world_the_end]'/minecraft:the_end
[13:03:59] [Server thread/INFO]: ThreadedAnvilChunkStorage (world): All chunks are saved
[13:03:59] [Server thread/INFO]: ThreadedAnvilChunkStorage (DIM-1): All chunks are saved
[13:03:59] [Server thread/INFO]: ThreadedAnvilChunkStorage (DIM1): All chunks are saved
[13:03:59] [Server thread/INFO]: ThreadedAnvilChunkStorage: All dimensions are saved
